{
  "RSpec": {
    "coverage": {
      "/home/claudio/Documents/workspace/rails/marketplace_barebones/spec/support/factory_bot.rb": [
        null,
        null,
        null,
        1,
        null,
        1,
        1,
        null
      ],
      "/home/claudio/Documents/workspace/rails/marketplace_barebones/spec/factories/cart_items.rb": [
        1,
        1,
        1,
        1,
        1,
        1,
        null,
        null
      ],
      "/home/claudio/Documents/workspace/rails/marketplace_barebones/spec/factories/carts.rb": [
        1,
        1,
        1,
        1,
        null,
        null
      ],
      "/home/claudio/Documents/workspace/rails/marketplace_barebones/spec/factories/products.rb": [
        1,
        null,
        1,
        1,
        74,
        74,
        72,
        null,
        null
      ],
      "/home/claudio/Documents/workspace/rails/marketplace_barebones/spec/factories/users.rb": [
        null,
        null,
        1,
        null,
        1,
        1,
        23,
        23,
        23,
        null,
        null
      ],
      "/home/claudio/Documents/workspace/rails/marketplace_barebones/app/graphql/mutations/products/create_product_mutation.rb": [
        1,
        1,
        1,
        1,
        null,
        1,
        null,
        1,
        1,
        null,
        1,
        4,
        null,
        4,
        null,
        null,
        null,
        null,
        null,
        3,
        3,
        null,
        0,
        null,
        null,
        1,
        null,
        null,
        null,
        null
      ],
      "/home/claudio/Documents/workspace/rails/marketplace_barebones/app/graphql/mutations/base_mutation.rb": [
        null,
        null,
        1,
        1,
        null,
        null,
        null
      ],
      "/home/claudio/Documents/workspace/rails/marketplace_barebones/app/graphql/types/inputs/product_input.rb": [
        null,
        null,
        1,
        1,
        1,
        1,
        null,
        1,
        1,
        1,
        null,
        null,
        null,
        null
      ],
      "/home/claudio/Documents/workspace/rails/marketplace_barebones/app/graphql/types/base_input_object.rb": [
        null,
        null,
        1,
        1,
        null,
        null
      ],
      "/home/claudio/Documents/workspace/rails/marketplace_barebones/app/graphql/types/product_type.rb": [
        1,
        1,
        1,
        null,
        1,
        1,
        1,
        1,
        null,
        null
      ],
      "/home/claudio/Documents/workspace/rails/marketplace_barebones/app/graphql/types/base_object.rb": [
        null,
        null,
        1,
        1,
        null,
        null
      ],
      "/home/claudio/Documents/workspace/rails/marketplace_barebones/spec/graphql/mutations/create_user_mutation_spec.rb": [
        null,
        null,
        1,
        null,
        1,
        1,
        5,
        5,
        null,
        1,
        4,
        null,
        null,
        null,
        null,
        4,
        2,
        null,
        4,
        null,
        5,
        null,
        1,
        1,
        3,
        null,
        1,
        1,
        2,
        2,
        null,
        1,
        1,
        null,
        null,
        null,
        null,
        null,
        null,
        null,
        null,
        1,
        2,
        1,
        1,
        null,
        null,
        null,
        1,
        2,
        1,
        1,
        null,
        null,
        null,
        null,
        null
      ],
      "/home/claudio/Documents/workspace/rails/marketplace_barebones/app/graphql/mutations/user/create_user_mutation.rb": [
        null,
        null,
        1,
        1,
        1,
        1,
        null,
        1,
        1,
        null,
        1,
        1,
        null,
        1,
        3,
        null,
        null,
        null,
        null,
        null,
        2,
        2,
        null,
        0,
        null,
        null,
        1,
        null,
        null,
        null,
        null
      ],
      "/home/claudio/Documents/workspace/rails/marketplace_barebones/app/graphql/types/inputs/auth_provider_email_input.rb": [
        null,
        null,
        1,
        1,
        1,
        1,
        null,
        1,
        null,
        null,
        null
      ],
      "/home/claudio/Documents/workspace/rails/marketplace_barebones/app/graphql/types/inputs/auth_provider_input.rb": [
        null,
        null,
        1,
        1,
        1,
        1,
        null,
        1,
        1,
        null,
        null,
        null
      ],
      "/home/claudio/Documents/workspace/rails/marketplace_barebones/app/graphql/types/user_type.rb": [
        null,
        null,
        1,
        1,
        1,
        null,
        1,
        1,
        1,
        null,
        null
      ],
      "/home/claudio/Documents/workspace/rails/marketplace_barebones/spec/graphql/mutations/delete_product_mutation_spec.rb": [
        null,
        null,
        1,
        null,
        1,
        3,
        5,
        5,
        null,
        1,
        4,
        null,
        null,
        null,
        null,
        4,
        3,
        null,
        4,
        null,
        1,
        null,
        1,
        1,
        2,
        null,
        1,
        null,
        1,
        1,
        2,
        1,
        null,
        null,
        1,
        2,
        1,
        null,
        null,
        1,
        2,
        1,
        null,
        null,
        null,
        null
      ],
      "/home/claudio/Documents/workspace/rails/marketplace_barebones/app/graphql/mutations/products/delete_product_mutation.rb": [
        1,
        1,
        1,
        1,
        1,
        1,
        null,
        1,
        2,
        1,
        1,
        null,
        0,
        null,
        null,
        null,
        1,
        null,
        null,
        null,
        null
      ],
      "/home/claudio/Documents/workspace/rails/marketplace_barebones/spec/graphql/mutations/delete_user_mutation_spec.rb": [
        null,
        null,
        1,
        null,
        1,
        3,
        5,
        5,
        null,
        1,
        4,
        null,
        null,
        null,
        null,
        4,
        3,
        null,
        4,
        null,
        1,
        null,
        1,
        1,
        2,
        1,
        1,
        1,
        1,
        1,
        null,
        null,
        1,
        1,
        2,
        1,
        null,
        null,
        1,
        2,
        1,
        null,
        null,
        1,
        2,
        1,
        null,
        null,
        null,
        null
      ],
      "/home/claudio/Documents/workspace/rails/marketplace_barebones/app/graphql/mutations/user/delete_user_mutation.rb": [
        1,
        1,
        1,
        1,
        1,
        1,
        1,
        2,
        1,
        1,
        null,
        0,
        null,
        null,
        null,
        1,
        null,
        null,
        null,
        null
      ],
      "/home/claudio/Documents/workspace/rails/marketplace_barebones/spec/graphql/mutations/update_product_mutation_spec.rb": [
        null,
        null,
        1,
        null,
        1,
        11,
        12,
        12,
        null,
        1,
        11,
        null,
        null,
        null,
        null,
        11,
        3,
        null,
        11,
        null,
        10,
        null,
        1,
        1,
        null,
        1,
        3,
        1,
        1,
        1,
        1,
        1,
        null,
        1,
        1,
        null,
        null,
        1,
        3,
        1,
        1,
        1,
        null,
        1,
        1,
        null,
        null,
        1,
        3,
        1,
        1,
        1,
        null,
        1,
        1,
        null,
        null,
        1,
        3,
        1,
        1,
        1,
        null,
        1,
        1,
        null,
        null,
        1,
        1,
        2,
        1,
        null,
        null,
        1,
        2,
        1,
        null,
        1,
        2,
        1,
        null,
        null,
        null,
        null,
        null
      ],
      "/home/claudio/Documents/workspace/rails/marketplace_barebones/app/graphql/mutations/products/update_product_mutation.rb": [
        1,
        1,
        1,
        1,
        1,
        1,
        1,
        null,
        1,
        1,
        null,
        1,
        9,
        9,
        9,
        9,
        9,
        9,
        null,
        8,
        null,
        8,
        null,
        0,
        null,
        null,
        1,
        null,
        null,
        null,
        null
      ],
      "/home/claudio/Documents/workspace/rails/marketplace_barebones/spec/graphql/mutations/update_user_mutation_spec.rb": [
        null,
        null,
        1,
        null,
        1,
        9,
        10,
        10,
        null,
        1,
        9,
        null,
        null,
        null,
        null,
        9,
        3,
        null,
        9,
        null,
        8,
        null,
        1,
        1,
        null,
        1,
        3,
        1,
        1,
        1,
        1,
        null,
        1,
        1,
        null,
        null,
        1,
        3,
        1,
        1,
        1,
        null,
        1,
        1,
        null,
        null,
        1,
        3,
        1,
        1,
        1,
        null,
        1,
        1,
        null,
        null,
        1,
        1,
        2,
        1,
        null,
        null,
        1,
        2,
        1,
        null,
        1,
        2,
        1,
        null,
        null,
        null,
        null,
        null
      ],
      "/home/claudio/Documents/workspace/rails/marketplace_barebones/app/graphql/mutations/user/update_user_mutation.rb": [
        1,
        1,
        1,
        1,
        1,
        1,
        null,
        1,
        1,
        null,
        1,
        6,
        6,
        6,
        6,
        6,
        null,
        6,
        null,
        6,
        null,
        0,
        null,
        null,
        0,
        null,
        null,
        null,
        null
      ],
      "/home/claudio/Documents/workspace/rails/marketplace_barebones/spec/graphql/types/product_type_spec.rb": [
        null,
        null,
        1,
        null,
        1,
        6,
        1,
        1,
        null,
        1,
        14,
        null,
        null,
        null,
        null,
        null,
        14,
        1,
        null,
        14,
        null,
        1,
        1,
        1,
        2,
        1,
        1,
        1,
        1,
        1,
        1,
        1,
        null,
        null,
        null,
        1,
        2,
        1,
        1,
        1,
        1,
        null,
        null,
        null,
        1,
        2,
        1,
        1,
        1,
        1,
        null,
        null,
        null,
        1,
        2,
        1,
        1,
        1,
        1,
        null,
        null,
        null,
        1,
        2,
        1,
        1,
        1,
        1,
        null,
        null,
        null,
        1,
        2,
        1,
        1,
        null,
        null,
        null,
        null,
        1,
        9,
        1,
        3,
        null,
        1,
        1,
        null,
        1,
        null,
        1,
        2,
        null,
        1,
        1,
        1,
        1,
        1,
        1,
        null,
        null,
        1,
        2,
        null,
        1,
        1,
        1,
        1,
        1,
        1,
        null,
        null,
        1,
        2,
        null,
        1,
        1,
        1,
        1,
        1,
        1,
        null,
        null,
        1,
        2,
        null,
        1,
        1,
        1,
        1,
        1,
        1,
        null,
        null,
        null,
        1,
        3,
        3,
        null,
        1,
        1,
        null,
        1,
        null,
        null,
        null,
        null
      ],
      "/home/claudio/Documents/workspace/rails/marketplace_barebones/spec/graphql/types/user_type_spec.rb": [
        null,
        null,
        1,
        null,
        1,
        2,
        2,
        1,
        null,
        1,
        1,
        null,
        null,
        null,
        null,
        null,
        1,
        0,
        null,
        1,
        null,
        1,
        2,
        null,
        1,
        1,
        1,
        1,
        1,
        1,
        1,
        null,
        null,
        null,
        null
      ],
      "/home/claudio/Documents/workspace/rails/marketplace_barebones/spec/models/cart_item_spec.rb": [
        1,
        null,
        1,
        1,
        null
      ],
      "/home/claudio/Documents/workspace/rails/marketplace_barebones/app/models/cart_item.rb": [
        1,
        1,
        1,
        null
      ],
      "/home/claudio/Documents/workspace/rails/marketplace_barebones/app/models/application_record.rb": [
        null,
        null,
        1,
        1,
        1,
        null
      ],
      "/home/claudio/Documents/workspace/rails/marketplace_barebones/spec/models/cart_spec.rb": [
        1,
        null,
        1,
        1,
        null
      ],
      "/home/claudio/Documents/workspace/rails/marketplace_barebones/app/models/cart.rb": [
        1,
        1,
        1,
        null
      ],
      "/home/claudio/Documents/workspace/rails/marketplace_barebones/spec/models/product_spec.rb": [
        1,
        null,
        1,
        1,
        null
      ],
      "/home/claudio/Documents/workspace/rails/marketplace_barebones/app/models/product.rb": [
        1,
        null,
        1,
        1,
        1,
        null
      ],
      "/home/claudio/Documents/workspace/rails/marketplace_barebones/spec/models/user_spec.rb": [
        null,
        null,
        1,
        null,
        1,
        null,
        null
      ],
      "/home/claudio/Documents/workspace/rails/marketplace_barebones/app/models/user.rb": [
        null,
        null,
        1,
        1,
        1,
        null,
        1,
        1,
        1,
        null
      ],
      "/home/claudio/Documents/workspace/rails/marketplace_barebones/app/validators/email_validator.rb": [
        null,
        null,
        1,
        1,
        28,
        0,
        null,
        null,
        null
      ],
      "/home/claudio/Documents/workspace/rails/marketplace_barebones/app/graphql/marketplace_barebones_schema.rb": [
        null,
        null,
        1,
        1,
        1,
        null
      ],
      "/home/claudio/Documents/workspace/rails/marketplace_barebones/app/graphql/types/mutation_type.rb": [
        null,
        null,
        1,
        1,
        1,
        1,
        1,
        1,
        1,
        1,
        1,
        null,
        null
      ],
      "/home/claudio/Documents/workspace/rails/marketplace_barebones/app/graphql/mutations/sign_in_mutation.rb": [
        1,
        1,
        1,
        null,
        1,
        null,
        1,
        0,
        0,
        null,
        0,
        null,
        0,
        0,
        0,
        0,
        0,
        0,
        0,
        null,
        0,
        null,
        null,
        null,
        null,
        0,
        null,
        null,
        null
      ],
      "/home/claudio/Documents/workspace/rails/marketplace_barebones/app/graphql/types/sign_in_payload_type.rb": [
        1,
        1,
        1,
        null,
        1,
        1,
        null,
        null
      ],
      "/home/claudio/Documents/workspace/rails/marketplace_barebones/app/graphql/types/query_type.rb": [
        null,
        null,
        1,
        1,
        1,
        1,
        null,
        null,
        1,
        1,
        null,
        null,
        1,
        1,
        1,
        null,
        null,
        1,
        8,
        2,
        null,
        6,
        null,
        null,
        8,
        0,
        null,
        null,
        8,
        null,
        null,
        1,
        1,
        null,
        null,
        1,
        5,
        null,
        null,
        null
      ]
    },
    "timestamp": 1547434721
  }
}
