{
  "RSpec": {
    "coverage": {
      "/home/claudio/Documents/workspace/rails/marketplace_barebones/spec/support/factory_bot.rb": [
        null,
        null,
        null,
        1,
        null,
        1,
        1,
        null
      ],
      "/home/claudio/Documents/workspace/rails/marketplace_barebones/spec/factories/users.rb": [
        null,
        null,
        1,
        null,
        1,
        1,
        5,
        5,
        5,
        null,
        null
      ],
      "/home/claudio/Documents/workspace/rails/marketplace_barebones/app/graphql/mutations/user/create_user_mutation.rb": [
        null,
        null,
        1,
        1,
        1,
        null,
        1,
        1,
        null,
        1,
        1,
        null,
        1,
        3,
        null,
        null,
        null,
        null,
        null,
        3,
        2,
        null,
        1,
        null,
        null,
        null,
        null
      ],
      "/home/claudio/Documents/workspace/rails/marketplace_barebones/app/graphql/mutations/base_mutation.rb": [
        null,
        null,
        1,
        1,
        null,
        null,
        null
      ],
      "/home/claudio/Documents/workspace/rails/marketplace_barebones/app/graphql/types/auth_provider_email_input.rb": [
        null,
        null,
        1,
        1,
        1,
        null,
        1,
        null,
        null
      ],
      "/home/claudio/Documents/workspace/rails/marketplace_barebones/app/graphql/types/base_input_object.rb": [
        null,
        null,
        1,
        1,
        null,
        null
      ],
      "/home/claudio/Documents/workspace/rails/marketplace_barebones/app/graphql/types/auth_provider_input.rb": [
        null,
        null,
        1,
        1,
        1,
        null,
        1,
        1,
        null,
        null
      ],
      "/home/claudio/Documents/workspace/rails/marketplace_barebones/app/graphql/types/user_type.rb": [
        null,
        null,
        1,
        1,
        1,
        null,
        1,
        1,
        1,
        null,
        null
      ],
      "/home/claudio/Documents/workspace/rails/marketplace_barebones/app/graphql/types/base_object.rb": [
        null,
        null,
        1,
        1,
        null,
        null
      ],
      "/home/claudio/Documents/workspace/rails/marketplace_barebones/app/graphql/marketplace_barebones_schema.rb": [
        null,
        null,
        1,
        1,
        1,
        null
      ],
      "/home/claudio/Documents/workspace/rails/marketplace_barebones/app/graphql/types/mutation_type.rb": [
        null,
        null,
        1,
        1,
        1,
        null,
        null
      ],
      "/home/claudio/Documents/workspace/rails/marketplace_barebones/app/graphql/types/query_type.rb": [
        null,
        null,
        1,
        1,
        1,
        null,
        null
      ],
      "/home/claudio/Documents/workspace/rails/marketplace_barebones/app/models/user.rb": [
        null,
        null,
        1,
        1,
        null,
        1,
        1,
        null
      ],
      "/home/claudio/Documents/workspace/rails/marketplace_barebones/app/models/application_record.rb": [
        null,
        null,
        1,
        1,
        null
      ],
      "/home/claudio/Documents/workspace/rails/marketplace_barebones/app/validators/email_validator.rb": [
        null,
        null,
        1,
        1,
        6,
        0,
        null,
        null,
        null
      ]
    },
    "timestamp": 1547065885
  }
}
